<?xml version="1.0" encoding="UTF-8"?>
<testng-results skipped="0" failed="0" total="1" passed="1">
  <reporter-output>
  </reporter-output>
  <suite name="Command line suite" duration-ms="45" started-at="2014-09-11T01:10:21Z" finished-at="2014-09-11T01:10:21Z">
    <groups>
    </groups>
    <test name="Command line test" duration-ms="45" started-at="2014-09-11T01:10:21Z" finished-at="2014-09-11T01:10:21Z">
      <class name="com.testing.AppTest">
        <test-method status="PASS" signature="testApp()[pri:0, instance:testApp(com.testing.AppTest)]" name="testApp" duration-ms="2" started-at="2014-09-10T18:10:21Z" finished-at="2014-09-10T18:10:21Z">
          <reporter-output>
          </reporter-output>
        </test-method> <!-- testApp -->
      </class> <!-- com.testing.AppTest -->
    </test> <!-- Command line test -->
  </suite> <!-- Command line suite -->
</testng-results>
