<?xml version="1.0" encoding="UTF-8"?>
<testng-results skipped="0" failed="0" total="1" passed="1">
  <reporter-output>
  </reporter-output>
  <suite name="Command line suite" duration-ms="8628" started-at="2014-09-11T01:10:12Z" finished-at="2014-09-11T01:10:21Z">
    <groups>
    </groups>
    <test name="Command line test" duration-ms="8628" started-at="2014-09-11T01:10:12Z" finished-at="2014-09-11T01:10:21Z">
      <class name="com.testing.NewTest">
        <test-method status="PASS" signature="test()[pri:0, instance:com.testing.NewTest@b8fba5]" name="test" duration-ms="8611" started-at="2014-09-10T18:10:12Z" finished-at="2014-09-10T18:10:21Z">
          <reporter-output>
          </reporter-output>
        </test-method> <!-- test -->
      </class> <!-- com.testing.NewTest -->
    </test> <!-- Command line test -->
  </suite> <!-- Command line suite -->
</testng-results>
