<?xml version="1.0" encoding="UTF-8"?>
<testng-results skipped="0" failed="0" total="1" passed="1">
  <reporter-output>
  </reporter-output>
  <suite name="Default suite" duration-ms="39866" started-at="2014-09-11T00:53:35Z" finished-at="2014-09-11T00:54:14Z">
    <groups>
    </groups>
    <test name="Default test" duration-ms="39866" started-at="2014-09-11T00:53:35Z" finished-at="2014-09-11T00:54:14Z">
      <class name="com.testing.NewTest">
        <test-method status="PASS" signature="test()[pri:0, instance:com.testing.NewTest@f3b83]" name="test" duration-ms="39840" started-at="2014-09-10T17:53:35Z" finished-at="2014-09-10T17:54:14Z">
          <reporter-output>
          </reporter-output>
        </test-method> <!-- test -->
      </class> <!-- com.testing.NewTest -->
    </test> <!-- Default test -->
  </suite> <!-- Default suite -->
</testng-results>
